Unloading profile/base
  ERROR: Module evaluation aborted
rm -f binary 
pgfortran -fast -acc=noautopar -gpu=cc80,cuda12.3 -Minfo=accel -o binary matmul.f90
matrix_multiply:
     18, Generating create(a(:,:)) [if not already present]
         Generating copyout(c(:,:)) [if not already present]
         Generating create(b(:,:)) [if not already present]
     21, Loop is parallelizable
         Generating NVIDIA GPU code
         21,   ! blockidx%x threadidx%x auto-collapsed
             !$acc loop gang, vector(128) collapse(2) ! blockidx%x threadidx%x
     24, Generating NVIDIA GPU code
         25, !$acc loop gang, vector(128) ! blockidx%x threadidx%x
         26, !$acc loop seq
     25, Generating implicit firstprivate(i)
     26, Loop is parallelizable
     32, Generating NVIDIA GPU code
         33, !$acc loop gang, vector(128) ! blockidx%x threadidx%x
         35, !$acc loop seq
         38, !$acc loop seq
     35, Generating implicit firstprivate(tmp)
 wall clock time    0.7526160    
