Unloading profile/base
  ERROR: Module evaluation aborted
rm -f binary 
pgfortran -fast -acc -gpu=cc80,cuda12.3 -Minfo=accel -o binary daxpy.f90
daxpy:
     19, Generating copyout(d(:)) [if not already present]
         Generating create(y(:),x(:)) [if not already present]
     20, Generating NVIDIA GPU code
         21, !$acc loop gang, vector(128) ! blockidx%x threadidx%x
     27, Generating NVIDIA GPU code
         28, !$acc loop gang, vector(128) ! blockidx%x threadidx%x
    18.00000000000000     
    18.00000000000000     
    18.00000000000000     
    18.00000000000000     
    18.00000000000000     
    18.00000000000000     
    18.00000000000000     
    18.00000000000000     
    18.00000000000000     
    18.00000000000000     
------------------------------------
runtime:       7.796
------------------------------------
rm -f binary 
pgcc -fast -acc -gpu=cc80,cuda12.3 -Minfo=accel -o binary daxpy.c
main:
     37, Generating copyout(D[:n]) [if not already present]
         Generating create(X[:n],Y[:n]) [if not already present]
         Generating implicit firstprivate(n,i)
         Generating NVIDIA GPU code
         39, #pragma acc loop gang, vector(128) /* blockIdx.x threadIdx.x */
     43, Generating implicit firstprivate(i,n)
         Generating NVIDIA GPU code
         46, #pragma acc loop gang, vector(128) /* blockIdx.x threadIdx.x */
     46, Generating implicit firstprivate(A)
The total memory allocated is  13.411 GB.

Vector addition
  C/OpenAcc version

  A program which adds two vector.
=========================================

   i        D[i] = A*X[i] + Y[i]

   0    18.0000
   1    18.0000
   2    18.0000
   3    18.0000
   4    18.0000
   5    18.0000
   6    18.0000
   7    18.0000
   8    18.0000
   9    18.0000

time (s)= 2.424964

Vector addition
  Normal end of execution.
