Unloading profile/base
  ERROR: Module evaluation aborted
nvfortran -fast -g   -c boundary.f90
nvfortran -fast -g   -c jacobi.f90
nvfortran -fast -g   -c cfdio.f90
nvfortran -fast -g   -c cfd.f90
nvfortran -fast -g   -o cfd_serial.exe boundary.o cfd.o cfdio.o jacobi.o 
 Scale factor = 200, iterations =     50, tolerance =  0.1000E-03
 Running CFD on     6400 x     6400 grid in serial 
 
 Starting main loop ...
 
 
 ... finished
 
 After        50 iterations, error is  0.1190E-01
 Time for     50 iterations was   6.760     seconds
 Each individual iteration took  0.1352     seconds
 
 Writing output file ...
  ... finished
 
 CFD completed
 
 Scale factor = 200, iterations =     50, tolerance =  0.1000E-03
 Running CFD on     6400 x     6400 grid in serial 
 
 Starting main loop ...
 
 
 ... finished
 
 After        50 iterations, error is  0.1190E-01
 Time for     50 iterations was   6.818     seconds
 Each individual iteration took  0.1364     seconds
 
 Writing output file ...
  ... finished
 
 CFD completed
 
Generating '/tmp/nsys-report-8c02.qdstrm'
[1/1] [0%                          ] report_serial.nsys-rep[1/1] [0%                          ] report_serial.nsys-rep[1/1] [5%                          ] report_serial.nsys-rep[1/1] [6%                          ] report_serial.nsys-rep[1/1] [===========53%              ] report_serial.nsys-rep[1/1] [==============62%           ] report_serial.nsys-rep[1/1] [================71%         ] report_serial.nsys-rep[1/1] [===================80%      ] report_serial.nsys-rep[1/1] [=====================89%    ] report_serial.nsys-rep[1/1] [========================98% ] report_serial.nsys-rep[1/1] [========================100%] report_serial.nsys-rep[1/1] [========================100%] report_serial.nsys-rep[1/1] [========================100%] report_serial.nsys-rep
Generated:
    /leonardo_scratch/large/userinternal/lbellen1/projects/EPICURE/epicure-gpu-hackathon/random-challenge/single-gpu/cfdcode-onegpu/Fortran/solution/1.serial/report_serial.nsys-rep
